<?xml version="1.0" encoding="UTF-8"?>
<testsuite xmlns:xsi="http://www.w3.org/2001/XMLSchema-instance" xsi:noNamespaceSchemaLocation="https://maven.apache.org/surefire/maven-surefire-plugin/xsd/surefire-test-report.xsd" name="sampleQueue.QueueTest" time="0.113" tests="11" errors="0" skipped="0" failures="1">
  <properties>
[...]
</properties>
  <testcase name="isEmptyShouldGiveFalseWhenQueueIsNotEmpty" classname="sampleQueue.QueueTest" time="0.008"/>
  <testcase name="isEmptyShouldGiveTrueOnQueueInit" classname="sampleQueue.QueueTest" time="0"/>
  <testcase name="enqueueShouldThrowExecptionOnFull" classname="sampleQueue.QueueTest" time="0.003"/>
  <testcase name="isInstantiatedWithNew" classname="sampleQueue.QueueTest" time="0"/>
  <testcase name="isEmptyShoutlReturnTrueAfterAllElementsAreRemoved" classname="sampleQueue.QueueTest" time="0"/>
  <testcase name="throwsExceptionWhenPeeked" classname="sampleQueue.QueueTest$WhenNew" time="0.005"/>
  <testcase name="throwsExceptionWhenDequeued" classname="sampleQueue.QueueTest$WhenNew" time="0.025">
    <failure message="Unexpected exception type thrown ==&gt; expected: &lt;java.util.NoSuchElementException&gt; but was: &lt;java.lang.NullPointerException&gt;" type="org.opentest4j.AssertionFailedError"><![CDATA[org.opentest4j.AssertionFailedError: Unexpected exception type thrown ==> expected: <java.util.NoSuchElementException> but was: <java.lang.NullPointerException>
	at sampleQueue.QueueTest$WhenNew.throwsExceptionWhenDequeued(QueueTest.java:90)
Caused by: java.lang.NullPointerException
	at sampleQueue.QueueTest$WhenNew.lambda$0(QueueTest.java:90)
	at sampleQueue.QueueTest$WhenNew.throwsExceptionWhenDequeued(QueueTest.java:90)
]]></failure>
  </testcase>
  <testcase name="isEmpty" classname="sampleQueue.QueueTest$WhenNew" time="0.001"/>
  <testcase name="returnElementWhenPeeked" classname="sampleQueue.QueueTest$WhenNew$AfterPushing" time="0.004"/>
  <testcase name="returnElementWhenPopped" classname="sampleQueue.QueueTest$WhenNew$AfterPushing" time="0.001"/>
  <testcase name="isNotEmpty" classname="sampleQueue.QueueTest$WhenNew$AfterPushing" time="0.001"/>
</testsuite>